2024-03-14 09:33:26.000 [main] INFO  TestCases.BaseClass - Browser initialization started
2024-03-14 09:33:27.388 [main] INFO  TestCases.BaseClass - The URL is entered in the browser
2024-03-14 09:33:27.424 [main] INFO  TestCases.BaseClass - The project title is Swag Labs
2024-03-14 09:33:27.424 [main] INFO  TestCases.BaseClass - The title is matched with expected result Swag Labs
2024-03-14 09:33:27.550 [main] INFO  TestCases.BaseClass - The home page logo is Swag Labs and matched with expected result Swag Labs 
2024-03-14 09:33:27.918 [main] INFO  TestCases.BaseClass - The User name standard_user is entered in the username field 
2024-03-14 09:33:28.089 [main] INFO  TestCases.BaseClass - The password secret_sauce is entered the Password field
2024-03-14 09:33:28.299 [main] INFO  TestCases.BaseClass - click the login button
2024-03-14 09:33:41.395 [main] INFO  TestCases.BaseClass - The home page is not opened
2024-03-14 09:33:44.032 [main] DEBUG org.apache.poi.openxml4j.opc.PackageRelationshipCollection - Parsing relationship: /xl/_rels/workbook.xml.rels
2024-03-14 09:33:44.037 [main] DEBUG org.apache.poi.openxml4j.opc.PackageRelationshipCollection - Parsing relationship: /_rels/.rels
2024-03-14 09:33:44.513 [main] TRACE org.apache.xmlbeans.impl.common.XBeanDebug - Loading type system org.apache.poi.schemas.ooxml.system.ooxml
2024-03-14 09:33:44.518 [main] TRACE org.apache.xmlbeans.impl.common.XBeanDebug - Loading type system org.apache.xmlbeans.metadata.system.sXMLCONFIG
2024-03-14 09:33:44.520 [main] TRACE org.apache.xmlbeans.impl.common.XBeanDebug - Loading type system org.apache.xmlbeans.metadata.system.sXMLLANG
2024-03-14 09:33:44.522 [main] TRACE org.apache.xmlbeans.impl.common.XBeanDebug - Loading type system org.apache.xmlbeans.metadata.system.sXMLSCHEMA
2024-03-14 09:33:44.524 [main] TRACE org.apache.xmlbeans.impl.common.XBeanDebug - Loading type system org.apache.xmlbeans.metadata.system.sXMLTOOLS
2024-03-14 09:33:44.528 [main] TRACE org.apache.xmlbeans.impl.common.XBeanDebug - Reading unresolved handles for type system org.apache.xmlbeans.metadata.system.sXMLTOOLS
2024-03-14 09:33:44.554 [main] TRACE org.apache.xmlbeans.impl.common.XBeanDebug - Finished loading type system org.apache.xmlbeans.metadata.system.sXMLTOOLS
2024-03-14 09:33:44.555 [main] TRACE org.apache.xmlbeans.impl.common.XBeanDebug - Reading unresolved handles for type system org.apache.xmlbeans.metadata.system.sXMLSCHEMA
2024-03-14 09:33:44.578 [main] TRACE org.apache.xmlbeans.impl.common.XBeanDebug - Finished loading type system org.apache.xmlbeans.metadata.system.sXMLSCHEMA
2024-03-14 09:33:44.579 [main] TRACE org.apache.xmlbeans.impl.common.XBeanDebug - Reading unresolved handles for type system org.apache.xmlbeans.metadata.system.sXMLLANG
2024-03-14 09:33:44.581 [main] TRACE org.apache.xmlbeans.impl.common.XBeanDebug - Finished loading type system org.apache.xmlbeans.metadata.system.sXMLLANG
2024-03-14 09:33:44.582 [main] TRACE org.apache.xmlbeans.impl.common.XBeanDebug - Reading unresolved handles for type system org.apache.xmlbeans.metadata.system.sXMLCONFIG
2024-03-14 09:33:44.584 [main] TRACE org.apache.xmlbeans.impl.common.XBeanDebug - Finished loading type system org.apache.xmlbeans.metadata.system.sXMLCONFIG
2024-03-14 09:33:44.587 [main] TRACE org.apache.xmlbeans.impl.common.XBeanDebug - Reading unresolved handles for type system org.apache.poi.schemas.ooxml.system.ooxml
2024-03-14 09:33:44.703 [main] TRACE org.apache.xmlbeans.impl.common.XBeanDebug - Finished loading type system org.apache.poi.schemas.ooxml.system.ooxml
2024-03-14 09:33:44.705 [main] TRACE org.apache.xmlbeans.impl.common.XBeanDebug - Resolving type for handle themefd26doctype
2024-03-14 09:33:44.823 [main] TRACE org.apache.xmlbeans.impl.common.XBeanDebug - Resolving type for handle stylesheet5d8bdoctype
2024-03-14 09:33:44.861 [main] TRACE org.apache.xmlbeans.impl.common.XBeanDebug - Resolving type for handle ctstylesheet4257type
2024-03-14 09:33:44.877 [main] TRACE org.apache.xmlbeans.impl.common.XBeanDebug - Resolving type for handle ctnumfmtsb58btype
2024-03-14 09:33:44.885 [main] TRACE org.apache.xmlbeans.impl.common.XBeanDebug - Resolving type for handle ctnumfmt3870type
2024-03-14 09:33:44.889 [main] TRACE org.apache.xmlbeans.impl.common.XBeanDebug - Resolving type for handle stnumfmtid76fbtype
2024-03-14 09:33:44.907 [main] TRACE org.apache.xmlbeans.impl.common.XBeanDebug - Resolving type for handle stxstringf179type
2024-03-14 09:33:44.911 [main] TRACE org.apache.xmlbeans.impl.common.XBeanDebug - Resolving type for handle ctfonts6623type
2024-03-14 09:33:44.917 [main] TRACE org.apache.xmlbeans.impl.common.XBeanDebug - Resolving type for handle ctfont14d8type
2024-03-14 09:33:44.931 [main] TRACE org.apache.xmlbeans.impl.common.XBeanDebug - Resolving type for handle ctfills2c6ftype
2024-03-14 09:33:44.937 [main] TRACE org.apache.xmlbeans.impl.common.XBeanDebug - Resolving type for handle ctfill550ctype
2024-03-14 09:33:44.943 [main] TRACE org.apache.xmlbeans.impl.common.XBeanDebug - Resolving type for handle ctborders0d66type
2024-03-14 09:33:44.951 [main] TRACE org.apache.xmlbeans.impl.common.XBeanDebug - Resolving type for handle ctborderf935type
2024-03-14 09:33:44.961 [main] TRACE org.apache.xmlbeans.impl.common.XBeanDebug - Resolving type for handle ctcellxfs1322type
2024-03-14 09:33:44.968 [main] TRACE org.apache.xmlbeans.impl.common.XBeanDebug - Resolving type for handle ctxf97f7type
2024-03-14 09:33:44.974 [main] TRACE org.apache.xmlbeans.impl.common.XBeanDebug - Resolving type for handle ctcellstylexfsa81ftype
2024-03-14 09:33:44.981 [main] TRACE org.apache.xmlbeans.impl.common.XBeanDebug - Resolving type for handle cttablestyles872ftype
2024-03-14 09:33:44.989 [main] TRACE org.apache.xmlbeans.impl.common.XBeanDebug - Resolving type for handle sstf81fdoctype
2024-03-14 09:33:44.999 [main] TRACE org.apache.xmlbeans.impl.common.XBeanDebug - Resolving type for handle ctsst44f3type
2024-03-14 09:33:45.010 [main] TRACE org.apache.xmlbeans.impl.common.XBeanDebug - Resolving type for handle ctrsta472type
2024-03-14 09:33:45.051 [main] TRACE org.apache.xmlbeans.impl.common.XBeanDebug - Resolving type for handle workbookec17doctype
2024-03-14 09:33:45.060 [main] TRACE org.apache.xmlbeans.impl.common.XBeanDebug - Resolving type for handle ctworkbook83c3type
2024-03-14 09:33:45.070 [main] TRACE org.apache.xmlbeans.impl.common.XBeanDebug - Resolving type for handle ctsheets49fdtype
2024-03-14 09:33:45.076 [main] TRACE org.apache.xmlbeans.impl.common.XBeanDebug - Resolving type for handle ctsheet4dbetype
2024-03-14 09:33:45.082 [main] TRACE org.apache.xmlbeans.impl.common.XBeanDebug - Resolving type for handle strelationshipid1e94type
2024-03-14 09:33:45.087 [main] TRACE org.apache.xmlbeans.impl.common.XBeanDebug - Resolving type for handle worksheetf539doctype
2024-03-14 09:33:45.098 [main] TRACE org.apache.xmlbeans.impl.common.XBeanDebug - Resolving type for handle ctworksheet530dtype
2024-03-14 09:33:45.117 [main] TRACE org.apache.xmlbeans.impl.common.XBeanDebug - Resolving type for handle ctsheetdata8408type
2024-03-14 09:33:45.124 [main] TRACE org.apache.xmlbeans.impl.common.XBeanDebug - Resolving type for handle ctrowdd39type
2024-03-14 09:33:45.142 [main] TRACE org.apache.xmlbeans.impl.common.XBeanDebug - Resolving type for handle ctcell842btype
2024-03-14 09:33:45.160 [main] TRACE org.apache.xmlbeans.impl.common.XBeanDebug - Resolving type for handle stcellrefe4e0type
2024-03-14 09:33:45.179 [main] TRACE org.apache.xmlbeans.impl.common.XBeanDebug - Resolving type for handle ctcols627ctype
2024-03-14 09:33:45.190 [main] TRACE org.apache.xmlbeans.impl.common.XBeanDebug - Resolving type for handle ctcola95ftype
2024-03-14 09:33:45.284 [main] DEBUG org.apache.poi.openxml4j.opc.PackageRelationshipCollection - Parsing relationship: /xl/_rels/workbook.xml.rels
2024-03-14 09:33:45.287 [main] DEBUG org.apache.poi.openxml4j.opc.PackageRelationshipCollection - Parsing relationship: /_rels/.rels
2024-03-14 09:33:45.368 [main] DEBUG org.apache.poi.openxml4j.opc.PackageRelationshipCollection - Parsing relationship: /xl/_rels/workbook.xml.rels
2024-03-14 09:33:45.371 [main] DEBUG org.apache.poi.openxml4j.opc.PackageRelationshipCollection - Parsing relationship: /_rels/.rels
2024-03-14 09:33:45.429 [main] TRACE org.apache.xmlbeans.impl.common.XBeanDebug - Resolving type for handle stcelltypebf95type
2024-03-14 09:33:45.462 [main] DEBUG org.apache.poi.openxml4j.opc.PackageRelationshipCollection - Parsing relationship: /xl/_rels/workbook.xml.rels
2024-03-14 09:33:45.465 [main] DEBUG org.apache.poi.openxml4j.opc.PackageRelationshipCollection - Parsing relationship: /_rels/.rels
2024-03-14 09:33:45.535 [main] DEBUG org.apache.poi.openxml4j.opc.PackageRelationshipCollection - Parsing relationship: /xl/_rels/workbook.xml.rels
2024-03-14 09:33:45.538 [main] DEBUG org.apache.poi.openxml4j.opc.PackageRelationshipCollection - Parsing relationship: /_rels/.rels
2024-03-14 09:33:45.599 [main] DEBUG org.apache.poi.openxml4j.opc.PackageRelationshipCollection - Parsing relationship: /xl/_rels/workbook.xml.rels
2024-03-14 09:33:45.602 [main] DEBUG org.apache.poi.openxml4j.opc.PackageRelationshipCollection - Parsing relationship: /_rels/.rels
2024-03-14 09:33:45.659 [main] DEBUG org.apache.poi.openxml4j.opc.PackageRelationshipCollection - Parsing relationship: /xl/_rels/workbook.xml.rels
2024-03-14 09:33:45.662 [main] DEBUG org.apache.poi.openxml4j.opc.PackageRelationshipCollection - Parsing relationship: /_rels/.rels
2024-03-14 09:33:45.728 [main] DEBUG org.apache.poi.openxml4j.opc.PackageRelationshipCollection - Parsing relationship: /xl/_rels/workbook.xml.rels
2024-03-14 09:33:45.731 [main] DEBUG org.apache.poi.openxml4j.opc.PackageRelationshipCollection - Parsing relationship: /_rels/.rels
2024-03-14 09:37:07.340 [main] INFO  TestCases.BaseClass - Browser initialization started
2024-03-14 09:37:07.627 [main] INFO  TestCases.BaseClass - The URL is entered in the browser
2024-03-14 09:37:07.887 [main] INFO  TestCases.BaseClass - The project title is Swag Labs
2024-03-14 09:37:07.887 [main] INFO  TestCases.BaseClass - The title is matched with expected result Swag Labs
2024-03-14 09:37:07.967 [main] INFO  TestCases.BaseClass - The home page logo is Swag Labs and matched with expected result Swag Labs 
2024-03-14 09:37:08.244 [main] INFO  TestCases.BaseClass - The User name standard_user is entered in the username field 
2024-03-14 09:37:08.422 [main] INFO  TestCases.BaseClass - The password secret_sauce is entered the Password field
2024-03-14 09:37:08.533 [main] INFO  TestCases.BaseClass - click the login button
2024-03-14 09:37:11.624 [main] INFO  TestCases.BaseClass - The home page is opened
2024-03-14 09:37:11.656 [main] INFO  TestCases.BaseClass - The Script execution completed and browser is closed
2024-03-14 09:37:14.735 [main] INFO  TestCases.BaseClass - Browser initialization started
2024-03-14 09:37:15.209 [main] INFO  TestCases.BaseClass - The URL is entered in the browser
2024-03-14 09:37:15.398 [main] DEBUG org.apache.poi.openxml4j.opc.PackageRelationshipCollection - Parsing relationship: /xl/_rels/workbook.xml.rels
2024-03-14 09:37:15.401 [main] DEBUG org.apache.poi.openxml4j.opc.PackageRelationshipCollection - Parsing relationship: /_rels/.rels
2024-03-14 09:37:15.618 [main] TRACE org.apache.xmlbeans.impl.common.XBeanDebug - Loading type system org.apache.poi.schemas.ooxml.system.ooxml
2024-03-14 09:37:15.622 [main] TRACE org.apache.xmlbeans.impl.common.XBeanDebug - Loading type system org.apache.xmlbeans.metadata.system.sXMLCONFIG
2024-03-14 09:37:15.623 [main] TRACE org.apache.xmlbeans.impl.common.XBeanDebug - Loading type system org.apache.xmlbeans.metadata.system.sXMLLANG
2024-03-14 09:37:15.624 [main] TRACE org.apache.xmlbeans.impl.common.XBeanDebug - Loading type system org.apache.xmlbeans.metadata.system.sXMLSCHEMA
2024-03-14 09:37:15.626 [main] TRACE org.apache.xmlbeans.impl.common.XBeanDebug - Loading type system org.apache.xmlbeans.metadata.system.sXMLTOOLS
2024-03-14 09:37:15.628 [main] TRACE org.apache.xmlbeans.impl.common.XBeanDebug - Reading unresolved handles for type system org.apache.xmlbeans.metadata.system.sXMLTOOLS
2024-03-14 09:37:15.644 [main] TRACE org.apache.xmlbeans.impl.common.XBeanDebug - Finished loading type system org.apache.xmlbeans.metadata.system.sXMLTOOLS
2024-03-14 09:37:15.645 [main] TRACE org.apache.xmlbeans.impl.common.XBeanDebug - Reading unresolved handles for type system org.apache.xmlbeans.metadata.system.sXMLSCHEMA
2024-03-14 09:37:15.651 [main] TRACE org.apache.xmlbeans.impl.common.XBeanDebug - Finished loading type system org.apache.xmlbeans.metadata.system.sXMLSCHEMA
2024-03-14 09:37:15.652 [main] TRACE org.apache.xmlbeans.impl.common.XBeanDebug - Reading unresolved handles for type system org.apache.xmlbeans.metadata.system.sXMLLANG
2024-03-14 09:37:15.654 [main] TRACE org.apache.xmlbeans.impl.common.XBeanDebug - Finished loading type system org.apache.xmlbeans.metadata.system.sXMLLANG
2024-03-14 09:37:15.655 [main] TRACE org.apache.xmlbeans.impl.common.XBeanDebug - Reading unresolved handles for type system org.apache.xmlbeans.metadata.system.sXMLCONFIG
2024-03-14 09:37:15.659 [main] TRACE org.apache.xmlbeans.impl.common.XBeanDebug - Finished loading type system org.apache.xmlbeans.metadata.system.sXMLCONFIG
2024-03-14 09:37:15.660 [main] TRACE org.apache.xmlbeans.impl.common.XBeanDebug - Reading unresolved handles for type system org.apache.poi.schemas.ooxml.system.ooxml
2024-03-14 09:37:15.741 [main] TRACE org.apache.xmlbeans.impl.common.XBeanDebug - Finished loading type system org.apache.poi.schemas.ooxml.system.ooxml
2024-03-14 09:37:15.742 [main] TRACE org.apache.xmlbeans.impl.common.XBeanDebug - Resolving type for handle themefd26doctype
2024-03-14 09:37:15.820 [main] TRACE org.apache.xmlbeans.impl.common.XBeanDebug - Resolving type for handle stylesheet5d8bdoctype
2024-03-14 09:37:15.840 [main] TRACE org.apache.xmlbeans.impl.common.XBeanDebug - Resolving type for handle ctstylesheet4257type
2024-03-14 09:37:15.846 [main] TRACE org.apache.xmlbeans.impl.common.XBeanDebug - Resolving type for handle ctnumfmtsb58btype
2024-03-14 09:37:15.849 [main] TRACE org.apache.xmlbeans.impl.common.XBeanDebug - Resolving type for handle ctnumfmt3870type
2024-03-14 09:37:15.851 [main] TRACE org.apache.xmlbeans.impl.common.XBeanDebug - Resolving type for handle stnumfmtid76fbtype
2024-03-14 09:37:15.857 [main] TRACE org.apache.xmlbeans.impl.common.XBeanDebug - Resolving type for handle stxstringf179type
2024-03-14 09:37:15.859 [main] TRACE org.apache.xmlbeans.impl.common.XBeanDebug - Resolving type for handle ctfonts6623type
2024-03-14 09:37:15.863 [main] TRACE org.apache.xmlbeans.impl.common.XBeanDebug - Resolving type for handle ctfont14d8type
2024-03-14 09:37:15.871 [main] TRACE org.apache.xmlbeans.impl.common.XBeanDebug - Resolving type for handle ctfills2c6ftype
2024-03-14 09:37:15.878 [main] TRACE org.apache.xmlbeans.impl.common.XBeanDebug - Resolving type for handle ctfill550ctype
2024-03-14 09:37:15.882 [main] TRACE org.apache.xmlbeans.impl.common.XBeanDebug - Resolving type for handle ctborders0d66type
2024-03-14 09:37:15.885 [main] TRACE org.apache.xmlbeans.impl.common.XBeanDebug - Resolving type for handle ctborderf935type
2024-03-14 09:37:15.888 [main] TRACE org.apache.xmlbeans.impl.common.XBeanDebug - Resolving type for handle ctcellxfs1322type
2024-03-14 09:37:15.892 [main] TRACE org.apache.xmlbeans.impl.common.XBeanDebug - Resolving type for handle ctxf97f7type
2024-03-14 09:37:15.896 [main] TRACE org.apache.xmlbeans.impl.common.XBeanDebug - Resolving type for handle ctcellstylexfsa81ftype
2024-03-14 09:37:15.900 [main] TRACE org.apache.xmlbeans.impl.common.XBeanDebug - Resolving type for handle cttablestyles872ftype
2024-03-14 09:37:15.903 [main] TRACE org.apache.xmlbeans.impl.common.XBeanDebug - Resolving type for handle sstf81fdoctype
2024-03-14 09:37:15.909 [main] TRACE org.apache.xmlbeans.impl.common.XBeanDebug - Resolving type for handle ctsst44f3type
2024-03-14 09:37:15.915 [main] TRACE org.apache.xmlbeans.impl.common.XBeanDebug - Resolving type for handle ctrsta472type
2024-03-14 09:37:15.933 [main] TRACE org.apache.xmlbeans.impl.common.XBeanDebug - Resolving type for handle workbookec17doctype
2024-03-14 09:37:15.938 [main] TRACE org.apache.xmlbeans.impl.common.XBeanDebug - Resolving type for handle ctworkbook83c3type
2024-03-14 09:37:15.944 [main] TRACE org.apache.xmlbeans.impl.common.XBeanDebug - Resolving type for handle ctsheets49fdtype
2024-03-14 09:37:15.948 [main] TRACE org.apache.xmlbeans.impl.common.XBeanDebug - Resolving type for handle ctsheet4dbetype
2024-03-14 09:37:15.951 [main] TRACE org.apache.xmlbeans.impl.common.XBeanDebug - Resolving type for handle strelationshipid1e94type
2024-03-14 09:37:15.953 [main] TRACE org.apache.xmlbeans.impl.common.XBeanDebug - Resolving type for handle worksheetf539doctype
2024-03-14 09:37:15.961 [main] TRACE org.apache.xmlbeans.impl.common.XBeanDebug - Resolving type for handle ctworksheet530dtype
2024-03-14 09:37:15.969 [main] TRACE org.apache.xmlbeans.impl.common.XBeanDebug - Resolving type for handle ctsheetdata8408type
2024-03-14 09:37:15.973 [main] TRACE org.apache.xmlbeans.impl.common.XBeanDebug - Resolving type for handle ctrowdd39type
2024-03-14 09:37:15.981 [main] TRACE org.apache.xmlbeans.impl.common.XBeanDebug - Resolving type for handle ctcell842btype
2024-03-14 09:37:15.991 [main] TRACE org.apache.xmlbeans.impl.common.XBeanDebug - Resolving type for handle stcellrefe4e0type
2024-03-14 09:37:16.001 [main] TRACE org.apache.xmlbeans.impl.common.XBeanDebug - Resolving type for handle ctcols627ctype
2024-03-14 09:37:16.007 [main] TRACE org.apache.xmlbeans.impl.common.XBeanDebug - Resolving type for handle ctcola95ftype
2024-03-14 09:37:16.045 [main] DEBUG org.apache.poi.openxml4j.opc.PackageRelationshipCollection - Parsing relationship: /xl/_rels/workbook.xml.rels
2024-03-14 09:37:16.046 [main] DEBUG org.apache.poi.openxml4j.opc.PackageRelationshipCollection - Parsing relationship: /_rels/.rels
2024-03-14 09:37:16.089 [main] DEBUG org.apache.poi.openxml4j.opc.PackageRelationshipCollection - Parsing relationship: /xl/_rels/workbook.xml.rels
2024-03-14 09:37:16.091 [main] DEBUG org.apache.poi.openxml4j.opc.PackageRelationshipCollection - Parsing relationship: /_rels/.rels
2024-03-14 09:37:16.127 [main] TRACE org.apache.xmlbeans.impl.common.XBeanDebug - Resolving type for handle stcelltypebf95type
2024-03-14 09:37:16.142 [main] DEBUG org.apache.poi.openxml4j.opc.PackageRelationshipCollection - Parsing relationship: /xl/_rels/workbook.xml.rels
2024-03-14 09:37:16.144 [main] DEBUG org.apache.poi.openxml4j.opc.PackageRelationshipCollection - Parsing relationship: /_rels/.rels
2024-03-14 09:37:16.181 [main] DEBUG org.apache.poi.openxml4j.opc.PackageRelationshipCollection - Parsing relationship: /xl/_rels/workbook.xml.rels
2024-03-14 09:37:16.183 [main] DEBUG org.apache.poi.openxml4j.opc.PackageRelationshipCollection - Parsing relationship: /_rels/.rels
2024-03-14 09:37:16.220 [main] DEBUG org.apache.poi.openxml4j.opc.PackageRelationshipCollection - Parsing relationship: /xl/_rels/workbook.xml.rels
2024-03-14 09:37:16.221 [main] DEBUG org.apache.poi.openxml4j.opc.PackageRelationshipCollection - Parsing relationship: /_rels/.rels
2024-03-14 09:37:16.255 [main] DEBUG org.apache.poi.openxml4j.opc.PackageRelationshipCollection - Parsing relationship: /xl/_rels/workbook.xml.rels
2024-03-14 09:37:16.256 [main] DEBUG org.apache.poi.openxml4j.opc.PackageRelationshipCollection - Parsing relationship: /_rels/.rels
2024-03-14 09:37:16.284 [main] DEBUG org.apache.poi.openxml4j.opc.PackageRelationshipCollection - Parsing relationship: /xl/_rels/workbook.xml.rels
2024-03-14 09:37:16.285 [main] DEBUG org.apache.poi.openxml4j.opc.PackageRelationshipCollection - Parsing relationship: /_rels/.rels
2024-03-14 09:37:16.519 [main] INFO  TestCases.BaseClass - The Login Username is problem_user
2024-03-14 09:37:16.682 [main] INFO  TestCases.BaseClass - The login password is secret_sauce
2024-03-14 09:37:16.796 [main] INFO  TestCases.BaseClass - Click the login button
2024-03-14 09:37:37.075 [main] INFO  TestCases.BaseClass - The Login Username is error_user
2024-03-14 09:37:37.257 [main] INFO  TestCases.BaseClass - The login password is secret_sauce
2024-03-14 09:37:37.425 [main] INFO  TestCases.BaseClass - Click the login button
2024-03-14 09:37:37.539 [main] INFO  TestCases.BaseClass - Click the menu bar
2024-03-14 09:37:38.255 [main] INFO  TestCases.BaseClass - Click the logout button
2024-03-14 09:37:38.440 [main] INFO  TestCases.BaseClass - The Login Username is standard_user
2024-03-14 09:37:38.627 [main] INFO  TestCases.BaseClass - The login password is secret_sauce
2024-03-14 09:37:38.722 [main] INFO  TestCases.BaseClass - Click the login button
2024-03-14 09:37:58.847 [main] INFO  TestCases.BaseClass - The Script execution completed and browser is closed
2024-03-14 09:38:01.846 [main] INFO  TestCases.BaseClass - Browser initialization started
2024-03-14 09:38:02.524 [main] INFO  TestCases.BaseClass - The URL is entered in the browser
2024-03-14 09:38:02.802 [main] INFO  TestCases.BaseClass - Entered the user name in the user name field
2024-03-14 09:38:02.954 [main] INFO  TestCases.BaseClass - Entered the password in the password field
2024-03-14 09:38:03.138 [main] INFO  TestCases.BaseClass - Click the login button
2024-03-14 09:38:09.338 [main] INFO  TestCases.BaseClass - The product added to cart
2024-03-14 09:38:12.469 [main] INFO  TestCases.BaseClass - The product is removed from the cart
2024-03-14 09:38:15.507 [main] INFO  TestCases.BaseClass - The Script execution completed and browser is closed
2024-03-14 09:38:19.024 [main] INFO  TestCases.BaseClass - Browser initialization started
2024-03-14 09:38:19.741 [main] INFO  TestCases.BaseClass - The URL is entered in the browser
2024-03-14 09:38:20.080 [main] INFO  TestCases.BaseClass - The User name standard_user is entered in the username field 
2024-03-14 09:38:20.297 [main] INFO  TestCases.BaseClass - The password secret_sauce is entered the Password field
2024-03-14 09:38:20.450 [main] INFO  TestCases.BaseClass - click the login button
2024-03-14 09:39:13.787 [main] INFO  TestCases.BaseClass - The Script execution completed and browser is closed
2024-03-14 09:39:16.860 [main] INFO  TestCases.BaseClass - Browser initialization started
2024-03-14 09:39:17.406 [main] INFO  TestCases.BaseClass - The URL is entered in the browser
2024-03-14 09:39:17.665 [main] INFO  TestCases.BaseClass - The User name standard_user is entered in the username field 
2024-03-14 09:39:17.824 [main] INFO  TestCases.BaseClass - The password secret_sauce is entered the Password field
2024-03-14 09:39:18.000 [main] INFO  TestCases.BaseClass - click the login button
2024-03-14 09:39:21.105 [main] INFO  TestCases.BaseClass - Click the menu bar
2024-03-14 09:39:30.198 [main] INFO  TestCases.BaseClass - About option is clicked
2024-03-14 09:39:30.604 [main] INFO  TestCases.BaseClass - The products menu is opened
2024-03-14 09:39:57.542 [main] INFO  TestCases.BaseClass - The Script execution completed and browser is closed
2024-03-14 09:52:37.299 [main] INFO  TestCases.BaseClass - Browser initialization started
2024-03-14 09:52:37.902 [main] INFO  TestCases.BaseClass - The URL is entered in the browser
2024-03-14 09:52:37.954 [main] INFO  TestCases.BaseClass - The project title is Swag Labs
2024-03-14 09:52:37.954 [main] INFO  TestCases.BaseClass - The title is matched with expected result Swag Labs
2024-03-14 09:52:38.041 [main] INFO  TestCases.BaseClass - The home page logo is Swag Labs and matched with expected result Swag Labs 
2024-03-14 09:52:38.376 [main] INFO  TestCases.BaseClass - The User name standard_user is entered in the username field 
2024-03-14 09:52:38.567 [main] INFO  TestCases.BaseClass - The password secret_sauce is entered the Password field
2024-03-14 09:52:38.736 [main] INFO  TestCases.BaseClass - click the login button
2024-03-14 09:52:51.848 [main] INFO  TestCases.BaseClass - The home page is not opened
2024-03-14 09:52:51.889 [main] INFO  TestCases.BaseClass - The Script execution completed and browser is closed
2024-03-14 09:52:55.140 [main] INFO  TestCases.BaseClass - Browser initialization started
2024-03-14 09:52:56.044 [main] INFO  TestCases.BaseClass - The URL is entered in the browser
2024-03-14 09:52:56.280 [main] DEBUG org.apache.poi.openxml4j.opc.PackageRelationshipCollection - Parsing relationship: /xl/_rels/workbook.xml.rels
2024-03-14 09:52:56.287 [main] DEBUG org.apache.poi.openxml4j.opc.PackageRelationshipCollection - Parsing relationship: /_rels/.rels
2024-03-14 09:52:56.600 [main] TRACE org.apache.xmlbeans.impl.common.XBeanDebug - Loading type system org.apache.poi.schemas.ooxml.system.ooxml
2024-03-14 09:52:56.604 [main] TRACE org.apache.xmlbeans.impl.common.XBeanDebug - Loading type system org.apache.xmlbeans.metadata.system.sXMLCONFIG
2024-03-14 09:52:56.606 [main] TRACE org.apache.xmlbeans.impl.common.XBeanDebug - Loading type system org.apache.xmlbeans.metadata.system.sXMLLANG
2024-03-14 09:52:56.608 [main] TRACE org.apache.xmlbeans.impl.common.XBeanDebug - Loading type system org.apache.xmlbeans.metadata.system.sXMLSCHEMA
2024-03-14 09:52:56.610 [main] TRACE org.apache.xmlbeans.impl.common.XBeanDebug - Loading type system org.apache.xmlbeans.metadata.system.sXMLTOOLS
2024-03-14 09:52:56.614 [main] TRACE org.apache.xmlbeans.impl.common.XBeanDebug - Reading unresolved handles for type system org.apache.xmlbeans.metadata.system.sXMLTOOLS
2024-03-14 09:52:56.637 [main] TRACE org.apache.xmlbeans.impl.common.XBeanDebug - Finished loading type system org.apache.xmlbeans.metadata.system.sXMLTOOLS
2024-03-14 09:52:56.638 [main] TRACE org.apache.xmlbeans.impl.common.XBeanDebug - Reading unresolved handles for type system org.apache.xmlbeans.metadata.system.sXMLSCHEMA
2024-03-14 09:52:56.647 [main] TRACE org.apache.xmlbeans.impl.common.XBeanDebug - Finished loading type system org.apache.xmlbeans.metadata.system.sXMLSCHEMA
2024-03-14 09:52:56.651 [main] TRACE org.apache.xmlbeans.impl.common.XBeanDebug - Reading unresolved handles for type system org.apache.xmlbeans.metadata.system.sXMLLANG
2024-03-14 09:52:56.660 [main] TRACE org.apache.xmlbeans.impl.common.XBeanDebug - Finished loading type system org.apache.xmlbeans.metadata.system.sXMLLANG
2024-03-14 09:52:56.664 [main] TRACE org.apache.xmlbeans.impl.common.XBeanDebug - Reading unresolved handles for type system org.apache.xmlbeans.metadata.system.sXMLCONFIG
2024-03-14 09:52:56.666 [main] TRACE org.apache.xmlbeans.impl.common.XBeanDebug - Finished loading type system org.apache.xmlbeans.metadata.system.sXMLCONFIG
2024-03-14 09:52:56.670 [main] TRACE org.apache.xmlbeans.impl.common.XBeanDebug - Reading unresolved handles for type system org.apache.poi.schemas.ooxml.system.ooxml
2024-03-14 09:52:56.748 [main] TRACE org.apache.xmlbeans.impl.common.XBeanDebug - Finished loading type system org.apache.poi.schemas.ooxml.system.ooxml
2024-03-14 09:52:56.750 [main] TRACE org.apache.xmlbeans.impl.common.XBeanDebug - Resolving type for handle themefd26doctype
2024-03-14 09:52:56.813 [main] TRACE org.apache.xmlbeans.impl.common.XBeanDebug - Resolving type for handle stylesheet5d8bdoctype
2024-03-14 09:52:56.839 [main] TRACE org.apache.xmlbeans.impl.common.XBeanDebug - Resolving type for handle ctstylesheet4257type
2024-03-14 09:52:56.849 [main] TRACE org.apache.xmlbeans.impl.common.XBeanDebug - Resolving type for handle ctnumfmtsb58btype
2024-03-14 09:52:56.854 [main] TRACE org.apache.xmlbeans.impl.common.XBeanDebug - Resolving type for handle ctnumfmt3870type
2024-03-14 09:52:56.857 [main] TRACE org.apache.xmlbeans.impl.common.XBeanDebug - Resolving type for handle stnumfmtid76fbtype
2024-03-14 09:52:56.865 [main] TRACE org.apache.xmlbeans.impl.common.XBeanDebug - Resolving type for handle stxstringf179type
2024-03-14 09:52:56.868 [main] TRACE org.apache.xmlbeans.impl.common.XBeanDebug - Resolving type for handle ctfonts6623type
2024-03-14 09:52:56.872 [main] TRACE org.apache.xmlbeans.impl.common.XBeanDebug - Resolving type for handle ctfont14d8type
2024-03-14 09:52:56.881 [main] TRACE org.apache.xmlbeans.impl.common.XBeanDebug - Resolving type for handle ctfills2c6ftype
2024-03-14 09:52:56.884 [main] TRACE org.apache.xmlbeans.impl.common.XBeanDebug - Resolving type for handle ctfill550ctype
2024-03-14 09:52:56.888 [main] TRACE org.apache.xmlbeans.impl.common.XBeanDebug - Resolving type for handle ctborders0d66type
2024-03-14 09:52:56.891 [main] TRACE org.apache.xmlbeans.impl.common.XBeanDebug - Resolving type for handle ctborderf935type
2024-03-14 09:52:56.898 [main] TRACE org.apache.xmlbeans.impl.common.XBeanDebug - Resolving type for handle ctcellxfs1322type
2024-03-14 09:52:56.903 [main] TRACE org.apache.xmlbeans.impl.common.XBeanDebug - Resolving type for handle ctxf97f7type
2024-03-14 09:52:56.907 [main] TRACE org.apache.xmlbeans.impl.common.XBeanDebug - Resolving type for handle ctcellstylexfsa81ftype
2024-03-14 09:52:56.911 [main] TRACE org.apache.xmlbeans.impl.common.XBeanDebug - Resolving type for handle cttablestyles872ftype
2024-03-14 09:52:56.917 [main] TRACE org.apache.xmlbeans.impl.common.XBeanDebug - Resolving type for handle sstf81fdoctype
2024-03-14 09:52:56.929 [main] TRACE org.apache.xmlbeans.impl.common.XBeanDebug - Resolving type for handle ctsst44f3type
2024-03-14 09:52:56.937 [main] TRACE org.apache.xmlbeans.impl.common.XBeanDebug - Resolving type for handle ctrsta472type
2024-03-14 09:52:56.961 [main] TRACE org.apache.xmlbeans.impl.common.XBeanDebug - Resolving type for handle workbookec17doctype
2024-03-14 09:52:56.970 [main] TRACE org.apache.xmlbeans.impl.common.XBeanDebug - Resolving type for handle ctworkbook83c3type
2024-03-14 09:52:56.977 [main] TRACE org.apache.xmlbeans.impl.common.XBeanDebug - Resolving type for handle ctsheets49fdtype
2024-03-14 09:52:56.982 [main] TRACE org.apache.xmlbeans.impl.common.XBeanDebug - Resolving type for handle ctsheet4dbetype
2024-03-14 09:52:56.986 [main] TRACE org.apache.xmlbeans.impl.common.XBeanDebug - Resolving type for handle strelationshipid1e94type
2024-03-14 09:52:56.989 [main] TRACE org.apache.xmlbeans.impl.common.XBeanDebug - Resolving type for handle worksheetf539doctype
2024-03-14 09:52:57.000 [main] TRACE org.apache.xmlbeans.impl.common.XBeanDebug - Resolving type for handle ctworksheet530dtype
2024-03-14 09:52:57.020 [main] TRACE org.apache.xmlbeans.impl.common.XBeanDebug - Resolving type for handle ctsheetdata8408type
2024-03-14 09:52:57.023 [main] TRACE org.apache.xmlbeans.impl.common.XBeanDebug - Resolving type for handle ctrowdd39type
2024-03-14 09:52:57.030 [main] TRACE org.apache.xmlbeans.impl.common.XBeanDebug - Resolving type for handle ctcell842btype
2024-03-14 09:52:57.037 [main] TRACE org.apache.xmlbeans.impl.common.XBeanDebug - Resolving type for handle stcellrefe4e0type
2024-03-14 09:52:57.048 [main] TRACE org.apache.xmlbeans.impl.common.XBeanDebug - Resolving type for handle ctcols627ctype
2024-03-14 09:52:57.055 [main] TRACE org.apache.xmlbeans.impl.common.XBeanDebug - Resolving type for handle ctcola95ftype
2024-03-14 09:52:57.102 [main] DEBUG org.apache.poi.openxml4j.opc.PackageRelationshipCollection - Parsing relationship: /xl/_rels/workbook.xml.rels
2024-03-14 09:52:57.106 [main] DEBUG org.apache.poi.openxml4j.opc.PackageRelationshipCollection - Parsing relationship: /_rels/.rels
2024-03-14 09:52:57.153 [main] DEBUG org.apache.poi.openxml4j.opc.PackageRelationshipCollection - Parsing relationship: /xl/_rels/workbook.xml.rels
2024-03-14 09:52:57.160 [main] DEBUG org.apache.poi.openxml4j.opc.PackageRelationshipCollection - Parsing relationship: /_rels/.rels
2024-03-14 09:52:57.204 [main] TRACE org.apache.xmlbeans.impl.common.XBeanDebug - Resolving type for handle stcelltypebf95type
2024-03-14 09:52:57.230 [main] DEBUG org.apache.poi.openxml4j.opc.PackageRelationshipCollection - Parsing relationship: /xl/_rels/workbook.xml.rels
2024-03-14 09:52:57.234 [main] DEBUG org.apache.poi.openxml4j.opc.PackageRelationshipCollection - Parsing relationship: /_rels/.rels
2024-03-14 09:52:57.273 [main] DEBUG org.apache.poi.openxml4j.opc.PackageRelationshipCollection - Parsing relationship: /xl/_rels/workbook.xml.rels
2024-03-14 09:52:57.277 [main] DEBUG org.apache.poi.openxml4j.opc.PackageRelationshipCollection - Parsing relationship: /_rels/.rels
2024-03-14 09:52:57.316 [main] DEBUG org.apache.poi.openxml4j.opc.PackageRelationshipCollection - Parsing relationship: /xl/_rels/workbook.xml.rels
2024-03-14 09:52:57.322 [main] DEBUG org.apache.poi.openxml4j.opc.PackageRelationshipCollection - Parsing relationship: /_rels/.rels
2024-03-14 09:52:57.356 [main] DEBUG org.apache.poi.openxml4j.opc.PackageRelationshipCollection - Parsing relationship: /xl/_rels/workbook.xml.rels
2024-03-14 09:52:57.361 [main] DEBUG org.apache.poi.openxml4j.opc.PackageRelationshipCollection - Parsing relationship: /_rels/.rels
2024-03-14 09:52:57.399 [main] DEBUG org.apache.poi.openxml4j.opc.PackageRelationshipCollection - Parsing relationship: /xl/_rels/workbook.xml.rels
2024-03-14 09:52:57.404 [main] DEBUG org.apache.poi.openxml4j.opc.PackageRelationshipCollection - Parsing relationship: /_rels/.rels
2024-03-14 09:52:57.634 [main] INFO  TestCases.BaseClass - The Login Username is problem_user
2024-03-14 09:52:57.797 [main] INFO  TestCases.BaseClass - The login password is secret_sauce
2024-03-14 09:52:57.912 [main] INFO  TestCases.BaseClass - Click the login button
2024-03-14 09:53:18.254 [main] INFO  TestCases.BaseClass - The Login Username is error_user
2024-03-14 09:53:18.420 [main] INFO  TestCases.BaseClass - The login password is secret_sauce
2024-03-14 09:53:18.580 [main] INFO  TestCases.BaseClass - Click the login button
2024-03-14 09:53:18.702 [main] INFO  TestCases.BaseClass - Click the menu bar
2024-03-14 09:53:19.404 [main] INFO  TestCases.BaseClass - Click the logout button
2024-03-14 09:53:19.578 [main] INFO  TestCases.BaseClass - The Login Username is standard_user
2024-03-14 09:53:19.746 [main] INFO  TestCases.BaseClass - The login password is secret_sauce
2024-03-14 09:53:19.845 [main] INFO  TestCases.BaseClass - Click the login button
2024-03-14 09:53:39.968 [main] INFO  TestCases.BaseClass - The Script execution completed and browser is closed
2024-03-14 09:53:42.867 [main] INFO  TestCases.BaseClass - Browser initialization started
2024-03-14 09:53:43.556 [main] INFO  TestCases.BaseClass - The URL is entered in the browser
2024-03-14 09:53:43.755 [main] INFO  TestCases.BaseClass - Entered the user name in the user name field
2024-03-14 09:53:43.906 [main] INFO  TestCases.BaseClass - Entered the password in the password field
2024-03-14 09:53:44.106 [main] INFO  TestCases.BaseClass - Click the login button
2024-03-14 09:53:50.314 [main] INFO  TestCases.BaseClass - The product added to cart
2024-03-14 09:53:53.434 [main] INFO  TestCases.BaseClass - The product is removed from the cart
2024-03-14 09:53:56.509 [main] INFO  TestCases.BaseClass - The Script execution completed and browser is closed
2024-03-14 09:53:59.537 [main] INFO  TestCases.BaseClass - Browser initialization started
2024-03-14 09:54:00.148 [main] INFO  TestCases.BaseClass - The URL is entered in the browser
2024-03-14 09:54:00.669 [main] INFO  TestCases.BaseClass - The User name standard_user is entered in the username field 
2024-03-14 09:54:00.906 [main] INFO  TestCases.BaseClass - The password secret_sauce is entered the Password field
2024-03-14 09:54:01.076 [main] INFO  TestCases.BaseClass - click the login button
2024-03-14 09:54:54.466 [main] INFO  TestCases.BaseClass - The Script execution completed and browser is closed
2024-03-14 09:54:57.857 [main] INFO  TestCases.BaseClass - Browser initialization started
2024-03-14 09:54:58.257 [main] INFO  TestCases.BaseClass - The URL is entered in the browser
2024-03-14 09:54:58.704 [main] INFO  TestCases.BaseClass - The User name standard_user is entered in the username field 
2024-03-14 09:54:58.860 [main] INFO  TestCases.BaseClass - The password secret_sauce is entered the Password field
2024-03-14 09:54:59.016 [main] INFO  TestCases.BaseClass - click the login button
2024-03-14 09:55:02.215 [main] INFO  TestCases.BaseClass - Click the menu bar
2024-03-14 09:55:08.089 [main] INFO  TestCases.BaseClass - About option is clicked
2024-03-14 09:55:08.533 [main] INFO  TestCases.BaseClass - The products menu is opened
2024-03-14 09:55:35.593 [main] INFO  TestCases.BaseClass - The Script execution completed and browser is closed
2024-03-14 09:56:14.662 [main] INFO  TestCases.BaseClass - Browser initialization started
2024-03-14 09:56:15.206 [main] INFO  TestCases.BaseClass - The URL is entered in the browser
2024-03-14 09:56:15.244 [main] INFO  TestCases.BaseClass - The project title is Swag Labs
2024-03-14 09:56:15.244 [main] INFO  TestCases.BaseClass - The title is matched with expected result Swag Labs
2024-03-14 09:56:15.333 [main] INFO  TestCases.BaseClass - The home page logo is Swag Labs and matched with expected result Swag Labs 
2024-03-14 09:56:15.543 [main] INFO  TestCases.BaseClass - The User name standard_user is entered in the username field 
2024-03-14 09:56:15.708 [main] INFO  TestCases.BaseClass - The password secret_sauce is entered the Password field
2024-03-14 09:56:15.871 [main] INFO  TestCases.BaseClass - click the login button
2024-03-14 09:56:28.989 [main] INFO  TestCases.BaseClass - The home page is not opened
2024-03-14 09:56:29.025 [main] INFO  TestCases.BaseClass - The Script execution completed and browser is closed
2024-03-14 09:59:40.088 [main] INFO  TestCases.BaseClass - Browser initialization started
2024-03-14 09:59:40.680 [main] INFO  TestCases.BaseClass - The URL is entered in the browser
2024-03-14 09:59:40.859 [main] DEBUG org.apache.poi.openxml4j.opc.PackageRelationshipCollection - Parsing relationship: /xl/_rels/workbook.xml.rels
2024-03-14 09:59:40.863 [main] DEBUG org.apache.poi.openxml4j.opc.PackageRelationshipCollection - Parsing relationship: /_rels/.rels
2024-03-14 09:59:41.100 [main] TRACE org.apache.xmlbeans.impl.common.XBeanDebug - Loading type system org.apache.poi.schemas.ooxml.system.ooxml
2024-03-14 09:59:41.105 [main] TRACE org.apache.xmlbeans.impl.common.XBeanDebug - Loading type system org.apache.xmlbeans.metadata.system.sXMLCONFIG
2024-03-14 09:59:41.107 [main] TRACE org.apache.xmlbeans.impl.common.XBeanDebug - Loading type system org.apache.xmlbeans.metadata.system.sXMLLANG
2024-03-14 09:59:41.109 [main] TRACE org.apache.xmlbeans.impl.common.XBeanDebug - Loading type system org.apache.xmlbeans.metadata.system.sXMLSCHEMA
2024-03-14 09:59:41.111 [main] TRACE org.apache.xmlbeans.impl.common.XBeanDebug - Loading type system org.apache.xmlbeans.metadata.system.sXMLTOOLS
2024-03-14 09:59:41.114 [main] TRACE org.apache.xmlbeans.impl.common.XBeanDebug - Reading unresolved handles for type system org.apache.xmlbeans.metadata.system.sXMLTOOLS
2024-03-14 09:59:41.129 [main] TRACE org.apache.xmlbeans.impl.common.XBeanDebug - Finished loading type system org.apache.xmlbeans.metadata.system.sXMLTOOLS
2024-03-14 09:59:41.130 [main] TRACE org.apache.xmlbeans.impl.common.XBeanDebug - Reading unresolved handles for type system org.apache.xmlbeans.metadata.system.sXMLSCHEMA
2024-03-14 09:59:41.139 [main] TRACE org.apache.xmlbeans.impl.common.XBeanDebug - Finished loading type system org.apache.xmlbeans.metadata.system.sXMLSCHEMA
2024-03-14 09:59:41.140 [main] TRACE org.apache.xmlbeans.impl.common.XBeanDebug - Reading unresolved handles for type system org.apache.xmlbeans.metadata.system.sXMLLANG
2024-03-14 09:59:41.141 [main] TRACE org.apache.xmlbeans.impl.common.XBeanDebug - Finished loading type system org.apache.xmlbeans.metadata.system.sXMLLANG
2024-03-14 09:59:41.143 [main] TRACE org.apache.xmlbeans.impl.common.XBeanDebug - Reading unresolved handles for type system org.apache.xmlbeans.metadata.system.sXMLCONFIG
2024-03-14 09:59:41.144 [main] TRACE org.apache.xmlbeans.impl.common.XBeanDebug - Finished loading type system org.apache.xmlbeans.metadata.system.sXMLCONFIG
2024-03-14 09:59:41.147 [main] TRACE org.apache.xmlbeans.impl.common.XBeanDebug - Reading unresolved handles for type system org.apache.poi.schemas.ooxml.system.ooxml
2024-03-14 09:59:41.228 [main] TRACE org.apache.xmlbeans.impl.common.XBeanDebug - Finished loading type system org.apache.poi.schemas.ooxml.system.ooxml
2024-03-14 09:59:41.230 [main] TRACE org.apache.xmlbeans.impl.common.XBeanDebug - Resolving type for handle themefd26doctype
2024-03-14 09:59:41.302 [main] TRACE org.apache.xmlbeans.impl.common.XBeanDebug - Resolving type for handle stylesheet5d8bdoctype
2024-03-14 09:59:41.334 [main] TRACE org.apache.xmlbeans.impl.common.XBeanDebug - Resolving type for handle ctstylesheet4257type
2024-03-14 09:59:41.342 [main] TRACE org.apache.xmlbeans.impl.common.XBeanDebug - Resolving type for handle ctnumfmtsb58btype
2024-03-14 09:59:41.347 [main] TRACE org.apache.xmlbeans.impl.common.XBeanDebug - Resolving type for handle ctnumfmt3870type
2024-03-14 09:59:41.349 [main] TRACE org.apache.xmlbeans.impl.common.XBeanDebug - Resolving type for handle stnumfmtid76fbtype
2024-03-14 09:59:41.357 [main] TRACE org.apache.xmlbeans.impl.common.XBeanDebug - Resolving type for handle stxstringf179type
2024-03-14 09:59:41.361 [main] TRACE org.apache.xmlbeans.impl.common.XBeanDebug - Resolving type for handle ctfonts6623type
2024-03-14 09:59:41.366 [main] TRACE org.apache.xmlbeans.impl.common.XBeanDebug - Resolving type for handle ctfont14d8type
2024-03-14 09:59:41.374 [main] TRACE org.apache.xmlbeans.impl.common.XBeanDebug - Resolving type for handle ctfills2c6ftype
2024-03-14 09:59:41.377 [main] TRACE org.apache.xmlbeans.impl.common.XBeanDebug - Resolving type for handle ctfill550ctype
2024-03-14 09:59:41.382 [main] TRACE org.apache.xmlbeans.impl.common.XBeanDebug - Resolving type for handle ctborders0d66type
2024-03-14 09:59:41.386 [main] TRACE org.apache.xmlbeans.impl.common.XBeanDebug - Resolving type for handle ctborderf935type
2024-03-14 09:59:41.392 [main] TRACE org.apache.xmlbeans.impl.common.XBeanDebug - Resolving type for handle ctcellxfs1322type
2024-03-14 09:59:41.396 [main] TRACE org.apache.xmlbeans.impl.common.XBeanDebug - Resolving type for handle ctxf97f7type
2024-03-14 09:59:41.402 [main] TRACE org.apache.xmlbeans.impl.common.XBeanDebug - Resolving type for handle ctcellstylexfsa81ftype
2024-03-14 09:59:41.409 [main] TRACE org.apache.xmlbeans.impl.common.XBeanDebug - Resolving type for handle cttablestyles872ftype
2024-03-14 09:59:41.413 [main] TRACE org.apache.xmlbeans.impl.common.XBeanDebug - Resolving type for handle sstf81fdoctype
2024-03-14 09:59:41.426 [main] TRACE org.apache.xmlbeans.impl.common.XBeanDebug - Resolving type for handle ctsst44f3type
2024-03-14 09:59:41.433 [main] TRACE org.apache.xmlbeans.impl.common.XBeanDebug - Resolving type for handle ctrsta472type
2024-03-14 09:59:41.462 [main] TRACE org.apache.xmlbeans.impl.common.XBeanDebug - Resolving type for handle workbookec17doctype
2024-03-14 09:59:41.468 [main] TRACE org.apache.xmlbeans.impl.common.XBeanDebug - Resolving type for handle ctworkbook83c3type
2024-03-14 09:59:41.476 [main] TRACE org.apache.xmlbeans.impl.common.XBeanDebug - Resolving type for handle ctsheets49fdtype
2024-03-14 09:59:41.480 [main] TRACE org.apache.xmlbeans.impl.common.XBeanDebug - Resolving type for handle ctsheet4dbetype
2024-03-14 09:59:41.488 [main] TRACE org.apache.xmlbeans.impl.common.XBeanDebug - Resolving type for handle strelationshipid1e94type
2024-03-14 09:59:41.492 [main] TRACE org.apache.xmlbeans.impl.common.XBeanDebug - Resolving type for handle worksheetf539doctype
2024-03-14 09:59:41.498 [main] TRACE org.apache.xmlbeans.impl.common.XBeanDebug - Resolving type for handle ctworksheet530dtype
2024-03-14 09:59:41.507 [main] TRACE org.apache.xmlbeans.impl.common.XBeanDebug - Resolving type for handle ctsheetdata8408type
2024-03-14 09:59:41.511 [main] TRACE org.apache.xmlbeans.impl.common.XBeanDebug - Resolving type for handle ctrowdd39type
2024-03-14 09:59:41.521 [main] TRACE org.apache.xmlbeans.impl.common.XBeanDebug - Resolving type for handle ctcell842btype
2024-03-14 09:59:41.533 [main] TRACE org.apache.xmlbeans.impl.common.XBeanDebug - Resolving type for handle stcellrefe4e0type
2024-03-14 09:59:41.555 [main] TRACE org.apache.xmlbeans.impl.common.XBeanDebug - Resolving type for handle ctcols627ctype
2024-03-14 09:59:41.562 [main] TRACE org.apache.xmlbeans.impl.common.XBeanDebug - Resolving type for handle ctcola95ftype
2024-03-14 09:59:41.606 [main] DEBUG org.apache.poi.openxml4j.opc.PackageRelationshipCollection - Parsing relationship: /xl/_rels/workbook.xml.rels
2024-03-14 09:59:41.608 [main] DEBUG org.apache.poi.openxml4j.opc.PackageRelationshipCollection - Parsing relationship: /_rels/.rels
2024-03-14 09:59:41.658 [main] DEBUG org.apache.poi.openxml4j.opc.PackageRelationshipCollection - Parsing relationship: /xl/_rels/workbook.xml.rels
2024-03-14 09:59:41.660 [main] DEBUG org.apache.poi.openxml4j.opc.PackageRelationshipCollection - Parsing relationship: /_rels/.rels
2024-03-14 09:59:41.696 [main] TRACE org.apache.xmlbeans.impl.common.XBeanDebug - Resolving type for handle stcelltypebf95type
2024-03-14 09:59:41.714 [main] DEBUG org.apache.poi.openxml4j.opc.PackageRelationshipCollection - Parsing relationship: /xl/_rels/workbook.xml.rels
2024-03-14 09:59:41.721 [main] DEBUG org.apache.poi.openxml4j.opc.PackageRelationshipCollection - Parsing relationship: /_rels/.rels
2024-03-14 09:59:41.763 [main] DEBUG org.apache.poi.openxml4j.opc.PackageRelationshipCollection - Parsing relationship: /xl/_rels/workbook.xml.rels
2024-03-14 09:59:41.764 [main] DEBUG org.apache.poi.openxml4j.opc.PackageRelationshipCollection - Parsing relationship: /_rels/.rels
2024-03-14 09:59:41.799 [main] DEBUG org.apache.poi.openxml4j.opc.PackageRelationshipCollection - Parsing relationship: /xl/_rels/workbook.xml.rels
2024-03-14 09:59:41.803 [main] DEBUG org.apache.poi.openxml4j.opc.PackageRelationshipCollection - Parsing relationship: /_rels/.rels
2024-03-14 09:59:41.837 [main] DEBUG org.apache.poi.openxml4j.opc.PackageRelationshipCollection - Parsing relationship: /xl/_rels/workbook.xml.rels
2024-03-14 09:59:41.839 [main] DEBUG org.apache.poi.openxml4j.opc.PackageRelationshipCollection - Parsing relationship: /_rels/.rels
2024-03-14 09:59:41.876 [main] DEBUG org.apache.poi.openxml4j.opc.PackageRelationshipCollection - Parsing relationship: /xl/_rels/workbook.xml.rels
2024-03-14 09:59:41.878 [main] DEBUG org.apache.poi.openxml4j.opc.PackageRelationshipCollection - Parsing relationship: /_rels/.rels
2024-03-14 09:59:42.174 [main] INFO  TestCases.BaseClass - The Login Username is problem_user
2024-03-14 09:59:42.338 [main] INFO  TestCases.BaseClass - The login password is secret_sauce
2024-03-14 09:59:42.451 [main] INFO  TestCases.BaseClass - Click the login button
2024-03-14 10:00:02.767 [main] INFO  TestCases.BaseClass - The Login Username is error_user
2024-03-14 10:00:02.932 [main] INFO  TestCases.BaseClass - The login password is secret_sauce
2024-03-14 10:00:03.123 [main] INFO  TestCases.BaseClass - Click the login button
2024-03-14 10:00:03.237 [main] INFO  TestCases.BaseClass - Click the menu bar
2024-03-14 10:00:04.005 [main] INFO  TestCases.BaseClass - Click the logout button
2024-03-14 10:00:04.187 [main] INFO  TestCases.BaseClass - The Login Username is standard_user
2024-03-14 10:00:04.340 [main] INFO  TestCases.BaseClass - The login password is secret_sauce
2024-03-14 10:00:04.451 [main] INFO  TestCases.BaseClass - Click the login button
2024-03-14 10:00:04.538 [main] INFO  TestCases.BaseClass - Click the menu bar
2024-03-14 10:00:05.190 [main] INFO  TestCases.BaseClass - Click the logout button
2024-03-14 10:00:05.206 [main] INFO  TestCases.BaseClass - The Script execution completed and browser is closed
2024-03-14 10:02:29.286 [main] INFO  TestCases.BaseClass - Browser initialization started
2024-03-14 10:02:29.917 [main] INFO  TestCases.BaseClass - The URL is entered in the browser
2024-03-14 10:02:29.959 [main] INFO  TestCases.BaseClass - The Script execution completed and browser is closed
2024-03-14 10:03:11.952 [main] INFO  TestCases.BaseClass - Browser initialization started
2024-03-14 10:03:12.577 [main] INFO  TestCases.BaseClass - The URL is entered in the browser
2024-03-14 10:03:12.883 [main] INFO  TestCases.BaseClass - The Login Username is standard_user
2024-03-14 10:03:13.046 [main] INFO  TestCases.BaseClass - The login password is secret_sauce
2024-03-14 10:03:13.212 [main] INFO  TestCases.BaseClass - Click the login button
2024-03-14 10:03:13.327 [main] INFO  TestCases.BaseClass - Click the menu bar
2024-03-14 10:03:14.030 [main] INFO  TestCases.BaseClass - Click the logout button
2024-03-14 10:03:14.272 [main] INFO  TestCases.BaseClass - The Login Username is problem_user
2024-03-14 10:03:14.495 [main] INFO  TestCases.BaseClass - The login password is secret_sauce
2024-03-14 10:03:14.662 [main] INFO  TestCases.BaseClass - Click the login button
2024-03-14 10:03:14.792 [main] INFO  TestCases.BaseClass - Click the menu bar
2024-03-14 10:03:15.461 [main] INFO  TestCases.BaseClass - Click the logout button
2024-03-14 10:03:15.680 [main] INFO  TestCases.BaseClass - The Login Username is error_user
2024-03-14 10:03:15.891 [main] INFO  TestCases.BaseClass - The login password is secret_sauce
2024-03-14 10:03:16.027 [main] INFO  TestCases.BaseClass - Click the login button
2024-03-14 10:03:16.149 [main] INFO  TestCases.BaseClass - Click the menu bar
2024-03-14 10:03:16.855 [main] INFO  TestCases.BaseClass - Click the logout button
2024-03-14 10:03:16.869 [main] INFO  TestCases.BaseClass - The Script execution completed and browser is closed
2024-03-14 10:07:04.267 [main] INFO  TestCases.BaseClass - Browser initialization started
2024-03-14 10:07:04.894 [main] INFO  TestCases.BaseClass - The URL is entered in the browser
2024-03-14 10:07:05.309 [main] INFO  TestCases.BaseClass - The Login Username is standard_user
2024-03-14 10:07:05.474 [main] INFO  TestCases.BaseClass - The login password is secret_sauce
2024-03-14 10:07:05.589 [main] INFO  TestCases.BaseClass - Click the login button
2024-03-14 10:07:25.895 [main] INFO  TestCases.BaseClass - The Login Username is problem_user
2024-03-14 10:07:26.052 [main] INFO  TestCases.BaseClass - The login password is secret_sauce
2024-03-14 10:07:26.212 [main] INFO  TestCases.BaseClass - Click the login button
2024-03-14 10:07:26.337 [main] INFO  TestCases.BaseClass - Click the menu bar
2024-03-14 10:07:26.998 [main] INFO  TestCases.BaseClass - Click the logout button
2024-03-14 10:07:27.170 [main] INFO  TestCases.BaseClass - The Login Username is error_user
2024-03-14 10:07:27.339 [main] INFO  TestCases.BaseClass - The login password is secret_sauce
2024-03-14 10:07:27.448 [main] INFO  TestCases.BaseClass - Click the login button
2024-03-14 10:07:47.572 [main] INFO  TestCases.BaseClass - The Script execution completed and browser is closed
2024-03-14 10:08:37.508 [main] INFO  TestCases.BaseClass - Browser initialization started
2024-03-14 10:08:38.136 [main] INFO  TestCases.BaseClass - The URL is entered in the browser
2024-03-14 10:08:38.436 [main] INFO  TestCases.BaseClass - The Login Username is standard_user
2024-03-14 10:08:38.603 [main] INFO  TestCases.BaseClass - The login password is secret_sauce
2024-03-14 10:08:38.772 [main] INFO  TestCases.BaseClass - Click the login button
2024-03-14 10:08:38.887 [main] INFO  TestCases.BaseClass - Click the menu bar
2024-03-14 10:08:39.589 [main] INFO  TestCases.BaseClass - Click the logout button
2024-03-14 10:08:39.854 [main] INFO  TestCases.BaseClass - The Login Username is problem_user
2024-03-14 10:08:40.049 [main] INFO  TestCases.BaseClass - The login password is secret_sauce
2024-03-14 10:08:40.173 [main] INFO  TestCases.BaseClass - Click the login button
2024-03-14 10:08:40.287 [main] INFO  TestCases.BaseClass - Click the menu bar
2024-03-14 10:08:40.955 [main] INFO  TestCases.BaseClass - Click the logout button
2024-03-14 10:08:41.197 [main] INFO  TestCases.BaseClass - The Login Username is error_user
2024-03-14 10:08:41.423 [main] INFO  TestCases.BaseClass - The login password is secret_sauce
2024-03-14 10:08:41.586 [main] INFO  TestCases.BaseClass - Click the login button
2024-03-14 10:08:41.713 [main] INFO  TestCases.BaseClass - Click the menu bar
2024-03-14 10:08:42.411 [main] INFO  TestCases.BaseClass - Click the logout button
2024-03-14 10:08:42.429 [main] INFO  TestCases.BaseClass - The Script execution completed and browser is closed
2024-03-14 10:11:08.763 [main] INFO  TestCases.BaseClass - Browser initialization started
2024-03-14 10:11:09.347 [main] INFO  TestCases.BaseClass - The URL is entered in the browser
2024-03-14 10:11:09.526 [main] DEBUG org.apache.poi.openxml4j.opc.PackageRelationshipCollection - Parsing relationship: /xl/_rels/workbook.xml.rels
2024-03-14 10:11:09.531 [main] DEBUG org.apache.poi.openxml4j.opc.PackageRelationshipCollection - Parsing relationship: /_rels/.rels
2024-03-14 10:11:09.764 [main] TRACE org.apache.xmlbeans.impl.common.XBeanDebug - Loading type system org.apache.poi.schemas.ooxml.system.ooxml
2024-03-14 10:11:09.769 [main] TRACE org.apache.xmlbeans.impl.common.XBeanDebug - Loading type system org.apache.xmlbeans.metadata.system.sXMLCONFIG
2024-03-14 10:11:09.771 [main] TRACE org.apache.xmlbeans.impl.common.XBeanDebug - Loading type system org.apache.xmlbeans.metadata.system.sXMLLANG
2024-03-14 10:11:09.772 [main] TRACE org.apache.xmlbeans.impl.common.XBeanDebug - Loading type system org.apache.xmlbeans.metadata.system.sXMLSCHEMA
2024-03-14 10:11:09.774 [main] TRACE org.apache.xmlbeans.impl.common.XBeanDebug - Loading type system org.apache.xmlbeans.metadata.system.sXMLTOOLS
2024-03-14 10:11:09.776 [main] TRACE org.apache.xmlbeans.impl.common.XBeanDebug - Reading unresolved handles for type system org.apache.xmlbeans.metadata.system.sXMLTOOLS
2024-03-14 10:11:09.790 [main] TRACE org.apache.xmlbeans.impl.common.XBeanDebug - Finished loading type system org.apache.xmlbeans.metadata.system.sXMLTOOLS
2024-03-14 10:11:09.791 [main] TRACE org.apache.xmlbeans.impl.common.XBeanDebug - Reading unresolved handles for type system org.apache.xmlbeans.metadata.system.sXMLSCHEMA
2024-03-14 10:11:09.799 [main] TRACE org.apache.xmlbeans.impl.common.XBeanDebug - Finished loading type system org.apache.xmlbeans.metadata.system.sXMLSCHEMA
2024-03-14 10:11:09.801 [main] TRACE org.apache.xmlbeans.impl.common.XBeanDebug - Reading unresolved handles for type system org.apache.xmlbeans.metadata.system.sXMLLANG
2024-03-14 10:11:09.802 [main] TRACE org.apache.xmlbeans.impl.common.XBeanDebug - Finished loading type system org.apache.xmlbeans.metadata.system.sXMLLANG
2024-03-14 10:11:09.804 [main] TRACE org.apache.xmlbeans.impl.common.XBeanDebug - Reading unresolved handles for type system org.apache.xmlbeans.metadata.system.sXMLCONFIG
2024-03-14 10:11:09.806 [main] TRACE org.apache.xmlbeans.impl.common.XBeanDebug - Finished loading type system org.apache.xmlbeans.metadata.system.sXMLCONFIG
2024-03-14 10:11:09.809 [main] TRACE org.apache.xmlbeans.impl.common.XBeanDebug - Reading unresolved handles for type system org.apache.poi.schemas.ooxml.system.ooxml
2024-03-14 10:11:09.880 [main] TRACE org.apache.xmlbeans.impl.common.XBeanDebug - Finished loading type system org.apache.poi.schemas.ooxml.system.ooxml
2024-03-14 10:11:09.881 [main] TRACE org.apache.xmlbeans.impl.common.XBeanDebug - Resolving type for handle themefd26doctype
2024-03-14 10:11:09.941 [main] TRACE org.apache.xmlbeans.impl.common.XBeanDebug - Resolving type for handle stylesheet5d8bdoctype
2024-03-14 10:11:09.968 [main] TRACE org.apache.xmlbeans.impl.common.XBeanDebug - Resolving type for handle ctstylesheet4257type
2024-03-14 10:11:09.975 [main] TRACE org.apache.xmlbeans.impl.common.XBeanDebug - Resolving type for handle ctnumfmtsb58btype
2024-03-14 10:11:09.978 [main] TRACE org.apache.xmlbeans.impl.common.XBeanDebug - Resolving type for handle ctnumfmt3870type
2024-03-14 10:11:09.980 [main] TRACE org.apache.xmlbeans.impl.common.XBeanDebug - Resolving type for handle stnumfmtid76fbtype
2024-03-14 10:11:09.987 [main] TRACE org.apache.xmlbeans.impl.common.XBeanDebug - Resolving type for handle stxstringf179type
2024-03-14 10:11:09.991 [main] TRACE org.apache.xmlbeans.impl.common.XBeanDebug - Resolving type for handle ctfonts6623type
2024-03-14 10:11:09.994 [main] TRACE org.apache.xmlbeans.impl.common.XBeanDebug - Resolving type for handle ctfont14d8type
2024-03-14 10:11:10.002 [main] TRACE org.apache.xmlbeans.impl.common.XBeanDebug - Resolving type for handle ctfills2c6ftype
2024-03-14 10:11:10.005 [main] TRACE org.apache.xmlbeans.impl.common.XBeanDebug - Resolving type for handle ctfill550ctype
2024-03-14 10:11:10.010 [main] TRACE org.apache.xmlbeans.impl.common.XBeanDebug - Resolving type for handle ctborders0d66type
2024-03-14 10:11:10.013 [main] TRACE org.apache.xmlbeans.impl.common.XBeanDebug - Resolving type for handle ctborderf935type
2024-03-14 10:11:10.019 [main] TRACE org.apache.xmlbeans.impl.common.XBeanDebug - Resolving type for handle ctcellxfs1322type
2024-03-14 10:11:10.023 [main] TRACE org.apache.xmlbeans.impl.common.XBeanDebug - Resolving type for handle ctxf97f7type
2024-03-14 10:11:10.028 [main] TRACE org.apache.xmlbeans.impl.common.XBeanDebug - Resolving type for handle ctcellstylexfsa81ftype
2024-03-14 10:11:10.035 [main] TRACE org.apache.xmlbeans.impl.common.XBeanDebug - Resolving type for handle cttablestyles872ftype
2024-03-14 10:11:10.040 [main] TRACE org.apache.xmlbeans.impl.common.XBeanDebug - Resolving type for handle sstf81fdoctype
2024-03-14 10:11:10.048 [main] TRACE org.apache.xmlbeans.impl.common.XBeanDebug - Resolving type for handle ctsst44f3type
2024-03-14 10:11:10.055 [main] TRACE org.apache.xmlbeans.impl.common.XBeanDebug - Resolving type for handle ctrsta472type
2024-03-14 10:11:10.079 [main] TRACE org.apache.xmlbeans.impl.common.XBeanDebug - Resolving type for handle workbookec17doctype
2024-03-14 10:11:10.087 [main] TRACE org.apache.xmlbeans.impl.common.XBeanDebug - Resolving type for handle ctworkbook83c3type
2024-03-14 10:11:10.096 [main] TRACE org.apache.xmlbeans.impl.common.XBeanDebug - Resolving type for handle ctsheets49fdtype
2024-03-14 10:11:10.100 [main] TRACE org.apache.xmlbeans.impl.common.XBeanDebug - Resolving type for handle ctsheet4dbetype
2024-03-14 10:11:10.104 [main] TRACE org.apache.xmlbeans.impl.common.XBeanDebug - Resolving type for handle strelationshipid1e94type
2024-03-14 10:11:10.107 [main] TRACE org.apache.xmlbeans.impl.common.XBeanDebug - Resolving type for handle worksheetf539doctype
2024-03-14 10:11:10.115 [main] TRACE org.apache.xmlbeans.impl.common.XBeanDebug - Resolving type for handle ctworksheet530dtype
2024-03-14 10:11:10.127 [main] TRACE org.apache.xmlbeans.impl.common.XBeanDebug - Resolving type for handle ctsheetdata8408type
2024-03-14 10:11:10.131 [main] TRACE org.apache.xmlbeans.impl.common.XBeanDebug - Resolving type for handle ctrowdd39type
2024-03-14 10:11:10.138 [main] TRACE org.apache.xmlbeans.impl.common.XBeanDebug - Resolving type for handle ctcell842btype
2024-03-14 10:11:10.154 [main] TRACE org.apache.xmlbeans.impl.common.XBeanDebug - Resolving type for handle stcellrefe4e0type
2024-03-14 10:11:10.163 [main] TRACE org.apache.xmlbeans.impl.common.XBeanDebug - Resolving type for handle ctcols627ctype
2024-03-14 10:11:10.172 [main] TRACE org.apache.xmlbeans.impl.common.XBeanDebug - Resolving type for handle ctcola95ftype
2024-03-14 10:11:10.232 [main] DEBUG org.apache.poi.openxml4j.opc.PackageRelationshipCollection - Parsing relationship: /xl/_rels/workbook.xml.rels
2024-03-14 10:11:10.234 [main] DEBUG org.apache.poi.openxml4j.opc.PackageRelationshipCollection - Parsing relationship: /_rels/.rels
2024-03-14 10:11:10.278 [main] DEBUG org.apache.poi.openxml4j.opc.PackageRelationshipCollection - Parsing relationship: /xl/_rels/workbook.xml.rels
2024-03-14 10:11:10.279 [main] DEBUG org.apache.poi.openxml4j.opc.PackageRelationshipCollection - Parsing relationship: /_rels/.rels
2024-03-14 10:11:10.311 [main] TRACE org.apache.xmlbeans.impl.common.XBeanDebug - Resolving type for handle stcelltypebf95type
2024-03-14 10:11:10.329 [main] DEBUG org.apache.poi.openxml4j.opc.PackageRelationshipCollection - Parsing relationship: /xl/_rels/workbook.xml.rels
2024-03-14 10:11:10.330 [main] DEBUG org.apache.poi.openxml4j.opc.PackageRelationshipCollection - Parsing relationship: /_rels/.rels
2024-03-14 10:11:10.368 [main] DEBUG org.apache.poi.openxml4j.opc.PackageRelationshipCollection - Parsing relationship: /xl/_rels/workbook.xml.rels
2024-03-14 10:11:10.373 [main] DEBUG org.apache.poi.openxml4j.opc.PackageRelationshipCollection - Parsing relationship: /_rels/.rels
2024-03-14 10:11:10.409 [main] DEBUG org.apache.poi.openxml4j.opc.PackageRelationshipCollection - Parsing relationship: /xl/_rels/workbook.xml.rels
2024-03-14 10:11:10.411 [main] DEBUG org.apache.poi.openxml4j.opc.PackageRelationshipCollection - Parsing relationship: /_rels/.rels
2024-03-14 10:11:10.445 [main] DEBUG org.apache.poi.openxml4j.opc.PackageRelationshipCollection - Parsing relationship: /xl/_rels/workbook.xml.rels
2024-03-14 10:11:10.446 [main] DEBUG org.apache.poi.openxml4j.opc.PackageRelationshipCollection - Parsing relationship: /_rels/.rels
2024-03-14 10:11:10.480 [main] DEBUG org.apache.poi.openxml4j.opc.PackageRelationshipCollection - Parsing relationship: /xl/_rels/workbook.xml.rels
2024-03-14 10:11:10.481 [main] DEBUG org.apache.poi.openxml4j.opc.PackageRelationshipCollection - Parsing relationship: /_rels/.rels
2024-03-14 10:11:10.781 [main] INFO  TestCases.BaseClass - The Login Username is standard_user
2024-03-14 10:11:10.955 [main] INFO  TestCases.BaseClass - The login password is secret_sauce
2024-03-14 10:11:11.093 [main] INFO  TestCases.BaseClass - Click the login button
2024-03-14 10:11:31.429 [main] INFO  TestCases.BaseClass - The Login Username is problem_user
2024-03-14 10:11:31.590 [main] INFO  TestCases.BaseClass - The login password is secret_sauce
2024-03-14 10:11:31.734 [main] INFO  TestCases.BaseClass - Click the login button
2024-03-14 10:11:31.852 [main] INFO  TestCases.BaseClass - Click the menu bar
2024-03-14 10:11:32.528 [main] INFO  TestCases.BaseClass - Click the logout button
2024-03-14 10:11:32.724 [main] INFO  TestCases.BaseClass - The Login Username is error_user
2024-03-14 10:11:32.884 [main] INFO  TestCases.BaseClass - The login password is secret_sauce
2024-03-14 10:11:33.003 [main] INFO  TestCases.BaseClass - Click the login button
2024-03-14 10:11:33.111 [main] INFO  TestCases.BaseClass - Click the menu bar
2024-03-14 10:11:33.735 [main] INFO  TestCases.BaseClass - Click the logout button
2024-03-14 10:11:33.747 [main] INFO  TestCases.BaseClass - The Script execution completed and browser is closed
2024-03-14 10:13:07.834 [main] INFO  TestCases.BaseClass - Browser initialization started
2024-03-14 10:13:08.416 [main] INFO  TestCases.BaseClass - The URL is entered in the browser
2024-03-14 10:13:08.682 [main] INFO  TestCases.BaseClass - Entered the user name in the user name field
2024-03-14 10:13:08.850 [main] INFO  TestCases.BaseClass - Entered the password in the password field
2024-03-14 10:13:09.023 [main] INFO  TestCases.BaseClass - Click the login button
2024-03-14 10:13:15.231 [main] INFO  TestCases.BaseClass - The product added to cart
2024-03-14 10:13:18.336 [main] INFO  TestCases.BaseClass - The product is removed from the cart
2024-03-14 10:13:21.425 [main] INFO  TestCases.BaseClass - The Script execution completed and browser is closed
2024-03-14 10:14:16.440 [main] INFO  TestCases.BaseClass - Browser initialization started
2024-03-14 10:14:16.810 [main] INFO  TestCases.BaseClass - The URL is entered in the browser
2024-03-14 10:14:17.390 [main] INFO  TestCases.BaseClass - The User name standard_user is entered in the username field 
2024-03-14 10:14:17.556 [main] INFO  TestCases.BaseClass - The password secret_sauce is entered the Password field
2024-03-14 10:14:17.667 [main] INFO  TestCases.BaseClass - click the login button
2024-03-14 10:15:11.019 [main] INFO  TestCases.BaseClass - The Script execution completed and browser is closed
2024-03-14 10:17:12.669 [main] INFO  TestCases.BaseClass - Browser initialization started
2024-03-14 10:17:13.298 [main] INFO  TestCases.BaseClass - The URL is entered in the browser
2024-03-14 10:17:13.605 [main] INFO  TestCases.BaseClass - The User name standard_user is entered in the username field 
2024-03-14 10:17:13.783 [main] INFO  TestCases.BaseClass - The password secret_sauce is entered the Password field
2024-03-14 10:17:13.954 [main] INFO  TestCases.BaseClass - click the login button
2024-03-14 10:17:17.112 [main] INFO  TestCases.BaseClass - Click the menu bar
2024-03-14 10:17:25.393 [main] INFO  TestCases.BaseClass - About option is clicked
2024-03-14 10:17:26.153 [main] INFO  TestCases.BaseClass - The pricing page is opened
2024-03-14 10:17:35.354 [main] INFO  TestCases.BaseClass - Products menu is mouse hover
2024-03-14 10:17:44.571 [main] INFO  TestCases.BaseClass - Sause cross browser element is clicked
2024-03-14 10:17:51.161 [main] INFO  TestCases.BaseClass - The Script execution completed and browser is closed
2024-03-14 10:18:35.205 [main] INFO  TestCases.BaseClass - Browser initialization started
2024-03-14 10:18:35.523 [main] INFO  TestCases.BaseClass - The URL is entered in the browser
2024-03-14 10:18:36.230 [main] INFO  TestCases.BaseClass - The User name standard_user is entered in the username field 
2024-03-14 10:18:36.409 [main] INFO  TestCases.BaseClass - The password secret_sauce is entered the Password field
2024-03-14 10:18:36.520 [main] INFO  TestCases.BaseClass - click the login button
2024-03-14 10:19:19.893 [main] INFO  TestCases.BaseClass - The Script execution completed and browser is closed
2024-03-14 10:19:33.768 [main] INFO  TestCases.BaseClass - Browser initialization started
2024-03-14 10:19:34.355 [main] INFO  TestCases.BaseClass - The URL is entered in the browser
2024-03-14 10:19:34.659 [main] INFO  TestCases.BaseClass - The User name standard_user is entered in the username field 
2024-03-14 10:19:34.837 [main] INFO  TestCases.BaseClass - The password secret_sauce is entered the Password field
2024-03-14 10:19:35.003 [main] INFO  TestCases.BaseClass - click the login button
2024-03-14 10:19:38.195 [main] INFO  TestCases.BaseClass - Click the menu bar
2024-03-14 10:19:39.598 [main] INFO  TestCases.BaseClass - About option is clicked
2024-03-14 10:19:41.888 [main] INFO  TestCases.BaseClass - The products menu is opened
2024-03-14 10:20:09.680 [main] INFO  TestCases.BaseClass - The Script execution completed and browser is closed
2024-03-14 10:20:43.212 [main] INFO  TestCases.BaseClass - Browser initialization started
2024-03-14 10:20:43.637 [main] INFO  TestCases.BaseClass - The URL is entered in the browser
2024-03-14 10:20:44.234 [main] INFO  TestCases.BaseClass - The User name standard_user is entered in the username field 
2024-03-14 10:20:44.418 [main] INFO  TestCases.BaseClass - The password secret_sauce is entered the Password field
2024-03-14 10:20:44.545 [main] INFO  TestCases.BaseClass - click the login button
2024-03-14 10:21:27.859 [main] INFO  TestCases.BaseClass - The Script execution completed and browser is closed
2024-03-14 10:23:06.583 [main] INFO  TestCases.BaseClass - Browser initialization started
2024-03-14 10:23:07.156 [main] INFO  TestCases.BaseClass - The URL is entered in the browser
2024-03-14 10:23:07.517 [main] INFO  TestCases.BaseClass - The User name standard_user is entered in the username field 
2024-03-14 10:23:07.681 [main] INFO  TestCases.BaseClass - The password secret_sauce is entered the Password field
2024-03-14 10:23:07.797 [main] INFO  TestCases.BaseClass - click the login button
2024-03-14 10:23:42.568 [main] INFO  TestCases.BaseClass - Browser initialization started
2024-03-14 10:23:43.139 [main] INFO  TestCases.BaseClass - The URL is entered in the browser
2024-03-14 10:23:43.453 [main] INFO  TestCases.BaseClass - The User name standard_user is entered in the username field 
2024-03-14 10:23:43.666 [main] INFO  TestCases.BaseClass - The password secret_sauce is entered the Password field
2024-03-14 10:23:43.776 [main] INFO  TestCases.BaseClass - click the login button
2024-03-14 10:24:27.129 [main] INFO  TestCases.BaseClass - The Script execution completed and browser is closed
2024-03-14 10:27:20.823 [main] INFO  TestCases.BaseClass - Browser initialization started
2024-03-14 10:27:21.439 [main] INFO  TestCases.BaseClass - The URL is entered in the browser
2024-03-14 10:27:21.807 [main] INFO  TestCases.BaseClass - The User name standard_user is entered in the username field 
2024-03-14 10:27:22.015 [main] INFO  TestCases.BaseClass - The password secret_sauce is entered the Password field
2024-03-14 10:27:25.142 [main] INFO  TestCases.BaseClass - click the login button
2024-03-14 10:28:05.520 [main] INFO  TestCases.BaseClass - The Script execution completed and browser is closed
2024-03-14 10:29:25.231 [main] INFO  TestCases.BaseClass - Browser initialization started
2024-03-14 10:29:25.845 [main] INFO  TestCases.BaseClass - The URL is entered in the browser
2024-03-14 10:29:26.197 [main] INFO  TestCases.BaseClass - The User name standard_user is entered in the username field 
2024-03-14 10:29:26.412 [main] INFO  TestCases.BaseClass - The password secret_sauce is entered the Password field
2024-03-14 10:29:26.523 [main] INFO  TestCases.BaseClass - click the login button
2024-03-14 10:30:09.921 [main] INFO  TestCases.BaseClass - The Script execution completed and browser is closed
2024-03-14 10:30:15.721 [main] INFO  TestCases.BaseClass - Browser initialization started
2024-03-14 10:30:16.360 [main] INFO  TestCases.BaseClass - The URL is entered in the browser
2024-03-14 10:30:16.762 [main] INFO  TestCases.BaseClass - The User name standard_user is entered in the username field 
2024-03-14 10:30:17.051 [main] INFO  TestCases.BaseClass - The password secret_sauce is entered the Password field
2024-03-14 10:30:17.213 [main] INFO  TestCases.BaseClass - click the login button
2024-03-14 10:30:20.398 [main] INFO  TestCases.BaseClass - Click the menu bar
2024-03-14 10:30:26.745 [main] INFO  TestCases.BaseClass - About option is clicked
2024-03-14 10:30:27.308 [main] INFO  TestCases.BaseClass - The products menu is opened
2024-03-14 10:30:54.361 [main] INFO  TestCases.BaseClass - The Script execution completed and browser is closed
2024-03-14 10:32:00.791 [main] INFO  TestCases.BaseClass - Browser initialization started
2024-03-14 10:32:01.372 [main] INFO  TestCases.BaseClass - The URL is entered in the browser
2024-03-14 10:32:01.778 [main] INFO  TestCases.BaseClass - The User name standard_user is entered in the username field 
2024-03-14 10:32:02.063 [main] INFO  TestCases.BaseClass - The password secret_sauce is entered the Password field
2024-03-14 10:32:02.223 [main] INFO  TestCases.BaseClass - click the login button
2024-03-14 10:32:05.369 [main] INFO  TestCases.BaseClass - Click the menu bar
2024-03-14 10:32:11.061 [main] INFO  TestCases.BaseClass - About option is clicked
2024-03-14 10:32:11.651 [main] INFO  TestCases.BaseClass - The products menu is opened
2024-03-14 10:32:39.040 [main] INFO  TestCases.BaseClass - The Script execution completed and browser is closed
2024-03-14 10:35:45.467 [main] INFO  TestCases.BaseClass - Browser initialization started
2024-03-14 10:35:46.055 [main] INFO  TestCases.BaseClass - The URL is entered in the browser
2024-03-14 10:35:46.416 [main] INFO  TestCases.BaseClass - The User name standard_user is entered in the username field 
2024-03-14 10:35:46.664 [main] INFO  TestCases.BaseClass - The password secret_sauce is entered the Password field
2024-03-14 10:35:46.828 [main] INFO  TestCases.BaseClass - click the login button
2024-03-14 10:35:49.984 [main] INFO  TestCases.BaseClass - Click the menu bar
2024-03-14 10:35:56.478 [main] INFO  TestCases.BaseClass - About option is clicked
2024-03-14 10:35:57.113 [main] INFO  TestCases.BaseClass - The products menu is opened
2024-03-14 10:36:25.369 [main] INFO  TestCases.BaseClass - The Script execution completed and browser is closed
2024-03-14 10:38:26.672 [main] INFO  TestCases.BaseClass - Browser initialization started
2024-03-14 10:38:27.376 [main] INFO  TestCases.BaseClass - The URL is entered in the browser
2024-03-14 10:38:27.404 [main] INFO  TestCases.BaseClass - The project title is Swag Labs
2024-03-14 10:38:27.404 [main] INFO  TestCases.BaseClass - The title is matched with expected result Swag Labs
2024-03-14 10:38:27.466 [main] INFO  TestCases.BaseClass - The home page logo is Swag Labs and matched with expected result Swag Labs 
2024-03-14 10:38:27.745 [main] INFO  TestCases.BaseClass - The User name standard_user is entered in the username field 
2024-03-14 10:38:27.992 [main] INFO  TestCases.BaseClass - The password secret_sauce is entered the Password field
2024-03-14 10:38:28.107 [main] INFO  TestCases.BaseClass - click the login button
2024-03-14 10:38:31.199 [main] INFO  TestCases.BaseClass - The home page is opened
2024-03-14 10:38:31.227 [main] INFO  TestCases.BaseClass - The Script execution completed and browser is closed
2024-03-14 10:38:34.133 [main] INFO  TestCases.BaseClass - Browser initialization started
2024-03-14 10:38:34.626 [main] INFO  TestCases.BaseClass - The URL is entered in the browser
2024-03-14 10:38:34.943 [main] INFO  TestCases.BaseClass - The Login Username is standard_user
2024-03-14 10:38:35.175 [main] INFO  TestCases.BaseClass - The login password is secret_sauce
2024-03-14 10:38:35.298 [main] INFO  TestCases.BaseClass - Click the login button
2024-03-14 10:38:55.604 [main] INFO  TestCases.BaseClass - The Login Username is problem_user
2024-03-14 10:38:55.842 [main] INFO  TestCases.BaseClass - The login password is secret_sauce
2024-03-14 10:38:56.019 [main] INFO  TestCases.BaseClass - Click the login button
2024-03-14 10:38:56.155 [main] INFO  TestCases.BaseClass - Click the menu bar
2024-03-14 10:38:56.341 [main] INFO  TestCases.BaseClass - Click the logout button
2024-03-14 10:38:56.648 [main] INFO  TestCases.BaseClass - The Login Username is error_user
2024-03-14 10:38:56.875 [main] INFO  TestCases.BaseClass - The login password is secret_sauce
2024-03-14 10:38:56.989 [main] INFO  TestCases.BaseClass - Click the login button
2024-03-14 10:38:57.078 [main] INFO  TestCases.BaseClass - Click the menu bar
2024-03-14 10:38:57.759 [main] INFO  TestCases.BaseClass - Click the logout button
2024-03-14 10:38:57.773 [main] INFO  TestCases.BaseClass - The Script execution completed and browser is closed
2024-03-14 10:39:01.092 [main] INFO  TestCases.BaseClass - Browser initialization started
2024-03-14 10:39:01.634 [main] INFO  TestCases.BaseClass - The URL is entered in the browser
2024-03-14 10:39:01.932 [main] INFO  TestCases.BaseClass - Entered the user name in the user name field
2024-03-14 10:39:02.154 [main] INFO  TestCases.BaseClass - Entered the password in the password field
2024-03-14 10:39:02.262 [main] INFO  TestCases.BaseClass - Click the login button
2024-03-14 10:39:15.323 [main] INFO  TestCases.BaseClass - The Script execution completed and browser is closed
2024-03-14 10:39:18.609 [main] INFO  TestCases.BaseClass - Browser initialization started
2024-03-14 10:39:19.249 [main] INFO  TestCases.BaseClass - The URL is entered in the browser
2024-03-14 10:39:19.669 [main] INFO  TestCases.BaseClass - The User name standard_user is entered in the username field 
2024-03-14 10:39:19.923 [main] INFO  TestCases.BaseClass - The password secret_sauce is entered the Password field
2024-03-14 10:39:20.080 [main] INFO  TestCases.BaseClass - click the login button
2024-03-14 10:39:23.286 [main] INFO  TestCases.BaseClass - Click the menu bar
2024-03-14 10:39:27.483 [main] INFO  TestCases.BaseClass - About option is clicked
2024-03-14 10:39:28.243 [main] INFO  TestCases.BaseClass - The pricing page is opened
2024-03-14 10:39:37.442 [main] INFO  TestCases.BaseClass - Products menu is mouse hover
2024-03-14 10:39:46.669 [main] INFO  TestCases.BaseClass - Sause cross browser element is clicked
2024-03-14 10:39:53.184 [main] INFO  TestCases.BaseClass - The Script execution completed and browser is closed
